Drill report for C:\myGithub\melexis_VGA_ToF_camera\ToF_camera_VGA.kicad_pcb
Created on 8/25/2019 8:52:38 PM

Copper Layer Stackup:
    =============================================================
    L1 :  F.Cu                      front
    L2 :  In1.Cu                    in1
    L3 :  In2.Cu                    in2
    L4 :  B.Cu                      back


Drill file 'ToF_camera_VGA.drl' contains
    plated through holes:
    =============================================================
    T1  0.15mm  0.006"  (104 holes)
    T2  0.40mm  0.016"  (58 holes)
    T3  1.00mm  0.039"  (14 holes)

    Total plated holes count 176


Not plated through holes are merged with plated holes
    unplated through holes:
    =============================================================
    T4  2.70mm  0.106"  (4 holes)

    Total unplated holes count 4
